TN:
SF:/Volumes/x/code/nubot-playbook/lib/index.js
FNF:0
FNH:0
DA:1,1
LF:1
LH:1
BRF:0
BRH:0
end_of_record
TN:
SF:/Volumes/x/code/nubot-playbook/lib/modules/base.js
FN:34,(anonymous_0)
FN:51,(anonymous_1)
FN:54,(anonymous_2)
FN:55,(anonymous_3)
FN:56,(anonymous_4)
FN:57,(anonymous_5)
FN:67,(anonymous_6)
FN:78,(anonymous_7)
FN:97,(anonymous_8)
FN:112,(anonymous_9)
FN:126,(anonymous_10)
FN:136,(anonymous_11)
FN:137,(anonymous_12)
FNF:13
FNH:13
FNDA:507,(anonymous_0)
FNDA:396,(anonymous_1)
FNDA:225,(anonymous_2)
FNDA:121,(anonymous_3)
FNDA:5,(anonymous_4)
FNDA:1,(anonymous_5)
FNDA:352,(anonymous_6)
FNDA:22,(anonymous_7)
FNDA:239,(anonymous_8)
FNDA:399,(anonymous_9)
FNDA:296,(anonymous_10)
FNDA:172,(anonymous_11)
FNDA:40,(anonymous_12)
DA:3,2
DA:35,507
DA:36,507
DA:37,507
DA:38,506
DA:40,505
DA:41,505
DA:42,505
DA:43,505
DA:52,396
DA:53,352
DA:54,225
DA:55,121
DA:56,5
DA:57,1
DA:68,352
DA:69,352
DA:70,352
DA:79,22
DA:80,18
DA:81,18
DA:82,18
DA:84,22
DA:85,20
DA:98,239
DA:99,238
DA:100,238
DA:113,399
DA:114,399
DA:115,399
DA:127,296
DA:137,172
DA:138,40
DA:143,2
LF:34
LH:34
BRDA:37,0,0,1
BRDA:37,0,1,506
BRDA:38,1,0,1
BRDA:38,1,1,505
BRDA:41,2,0,136
BRDA:41,2,1,369
BRDA:42,3,0,12
BRDA:42,3,1,493
BRDA:52,4,0,44
BRDA:52,4,1,352
BRDA:69,5,0,20
BRDA:69,5,1,332
BRDA:79,6,0,18
BRDA:79,6,1,4
BRDA:80,7,0,18
BRDA:80,7,1,2
BRDA:81,8,0,0
BRDA:81,8,1,18
BRDA:84,9,0,22
BRDA:84,9,1,0
BRDA:98,10,0,1
BRDA:98,10,1,238
BRDA:113,11,0,0
BRDA:113,11,1,399
BRDA:138,12,0,40
BRDA:138,12,1,0
BRF:26
BRH:22
end_of_record
TN:
SF:/Volumes/x/code/nubot-playbook/lib/modules/dialogue.js
FN:29,(anonymous_0)
FN:49,(anonymous_1)
FN:68,(anonymous_2)
FN:72,(anonymous_3)
FN:89,(anonymous_4)
FN:97,(anonymous_5)
FN:107,(anonymous_6)
FN:109,(anonymous_7)
FN:144,(anonymous_8)
FN:151,(anonymous_9)
FN:162,(anonymous_10)
FN:179,(anonymous_11)
FN:184,(anonymous_12)
FNF:13
FNH:13
FNDA:124,(anonymous_0)
FNDA:36,(anonymous_1)
FNDA:28,(anonymous_2)
FNDA:28,(anonymous_3)
FNDA:12,(anonymous_4)
FNDA:81,(anonymous_5)
FNDA:68,(anonymous_6)
FNDA:14,(anonymous_7)
FNDA:52,(anonymous_8)
FNDA:52,(anonymous_9)
FNDA:42,(anonymous_10)
FNDA:27,(anonymous_11)
FNDA:23,(anonymous_12)
DA:3,2
DA:4,2
DA:5,2
DA:30,124
DA:31,124
DA:37,124
DA:38,124
DA:39,124
DA:40,124
DA:41,124
DA:50,36
DA:51,33
DA:52,33
DA:53,15
DA:55,18
DA:57,33
DA:58,33
DA:59,33
DA:70,28
DA:71,27
DA:72,28
DA:73,28
DA:78,28
DA:90,12
DA:91,6
DA:98,81
DA:99,81
DA:108,68
DA:109,68
DA:110,14
DA:111,14
DA:112,14
DA:114,1
DA:116,13
DA:117,13
DA:119,68
DA:146,52
DA:147,52
DA:148,52
DA:149,52
DA:150,52
DA:151,52
DA:163,42
DA:164,42
DA:165,42
DA:180,27
DA:181,23
DA:182,23
DA:183,23
DA:184,23
DA:185,23
DA:186,23
DA:187,23
DA:188,23
DA:193,2
LF:55
LH:55
BRDA:33,0,0,124
BRDA:33,0,1,123
BRDA:34,1,0,124
BRDA:34,1,1,124
BRDA:50,2,0,3
BRDA:50,2,1,33
BRDA:51,3,0,2
BRDA:51,3,1,31
BRDA:52,4,0,15
BRDA:52,4,1,18
BRDA:53,5,0,9
BRDA:53,5,1,6
BRDA:70,6,0,1
BRDA:70,6,1,27
BRDA:90,7,0,6
BRDA:90,7,1,6
BRDA:91,8,0,3
BRDA:91,8,1,3
BRDA:108,9,0,9
BRDA:108,9,1,59
BRDA:146,10,0,6
BRDA:146,10,1,46
BRDA:148,11,0,5
BRDA:148,11,1,47
BRDA:148,12,0,52
BRDA:148,12,1,47
BRDA:150,13,0,15
BRDA:150,13,1,37
BRDA:163,14,0,35
BRDA:163,14,1,7
BRDA:180,15,0,4
BRDA:180,15,1,23
BRDA:180,16,0,27
BRDA:180,16,1,24
BRDA:186,17,0,16
BRDA:186,17,1,7
BRDA:187,18,0,9
BRDA:187,18,1,14
BRF:38
BRH:38
end_of_record
TN:
SF:/Volumes/x/code/nubot-playbook/lib/modules/director.js
FN:45,(anonymous_0)
FN:75,(anonymous_1)
FN:87,(anonymous_2)
FN:109,(anonymous_3)
FN:133,(anonymous_4)
FN:137,(anonymous_5)
FN:156,(anonymous_6)
FN:158,(anonymous_7)
FN:160,(anonymous_8)
FN:177,(anonymous_9)
FN:179,(anonymous_10)
FN:181,(anonymous_11)
FN:198,(anonymous_12)
FN:201,(anonymous_13)
FN:202,(anonymous_14)
FNF:15
FNH:15
FNDA:62,(anonymous_0)
FNDA:3,(anonymous_1)
FNDA:3,(anonymous_2)
FNDA:40,(anonymous_3)
FNDA:22,(anonymous_4)
FNDA:22,(anonymous_5)
FNDA:5,(anonymous_6)
FNDA:4,(anonymous_7)
FNDA:4,(anonymous_8)
FNDA:4,(anonymous_9)
FNDA:3,(anonymous_10)
FNDA:3,(anonymous_11)
FNDA:6,(anonymous_12)
FNDA:6,(anonymous_13)
FNDA:6,(anonymous_14)
DA:3,2
DA:4,2
DA:46,62
DA:47,62
DA:48,62
DA:53,62
DA:55,62
DA:56,61
DA:57,60
DA:59,60
DA:60,60
DA:61,54
DA:62,54
DA:63,6
DA:65,60
DA:66,60
DA:76,3
DA:77,3
DA:78,3
DA:88,3
DA:89,3
DA:90,3
DA:111,40
DA:112,38
DA:113,38
DA:114,2
DA:117,40
DA:118,9
DA:119,5
DA:121,31
DA:122,19
DA:124,7
DA:134,22
DA:135,22
DA:136,22
DA:137,22
DA:138,22
DA:139,9
DA:140,9
DA:142,13
DA:143,13
DA:144,13
DA:146,22
DA:157,5
DA:158,5
DA:159,4
DA:160,4
DA:161,4
DA:162,2
DA:163,2
DA:166,5
DA:178,4
DA:179,4
DA:180,3
DA:181,3
DA:182,3
DA:183,2
DA:184,2
DA:187,4
DA:199,6
DA:200,6
DA:201,6
DA:202,6
DA:203,6
DA:204,4
DA:207,6
DA:211,2
LF:67
LH:67
BRDA:46,0,0,14
BRDA:46,0,1,48
BRDA:51,1,0,62
BRDA:51,1,1,61
BRDA:55,2,0,1
BRDA:55,2,1,61
BRDA:56,3,0,1
BRDA:56,3,1,60
BRDA:60,4,0,54
BRDA:60,4,1,6
BRDA:65,5,0,4
BRDA:65,5,1,56
BRDA:66,6,0,56
BRDA:66,6,1,4
BRDA:111,7,0,38
BRDA:111,7,1,2
BRDA:117,8,0,9
BRDA:117,8,1,31
BRDA:118,9,0,4
BRDA:118,9,1,5
BRDA:119,10,0,2
BRDA:119,10,1,3
BRDA:121,11,0,12
BRDA:121,11,1,19
BRDA:122,12,0,15
BRDA:122,12,1,4
BRDA:138,13,0,9
BRDA:138,13,1,13
BRDA:144,14,0,1
BRDA:144,14,1,12
BRDA:159,15,0,0
BRDA:159,15,1,4
BRDA:161,16,0,2
BRDA:161,16,1,2
BRDA:180,17,0,0
BRDA:180,17,1,3
BRDA:182,18,0,1
BRDA:182,18,1,2
BRDA:203,19,0,2
BRDA:203,19,1,4
BRF:40
BRH:38
end_of_record
TN:
SF:/Volumes/x/code/nubot-playbook/lib/modules/improv.js
FN:36,(anonymous_0)
FN:60,use
FN:62,(anonymous_2)
FN:82,configure
FN:114,extend
FN:130,matchPaths
FN:149,mergeData
FN:168,(anonymous_7)
FN:170,(anonymous_8)
FN:191,parse
FN:201,(anonymous_10)
FN:202,(anonymous_11)
FN:203,(anonymous_12)
FN:223,render
FN:244,middleware
FN:249,warn
FN:258,remember
FN:271,rememberForUser
FN:282,forget
FN:294,forgetForUser
FN:302,reset
FNF:21
FNH:19
FNDA:86,(anonymous_0)
FNDA:86,use
FNDA:91,(anonymous_2)
FNDA:85,configure
FNDA:9,extend
FNDA:22,matchPaths
FNDA:21,mergeData
FNDA:7,(anonymous_7)
FNDA:3,(anonymous_8)
FNDA:22,parse
FNDA:15,(anonymous_10)
FNDA:13,(anonymous_11)
FNDA:19,(anonymous_12)
FNDA:15,render
FNDA:18,middleware
FNDA:0,warn
FNDA:3,remember
FNDA:4,rememberForUser
FNDA:0,forget
FNDA:1,forgetForUser
FNDA:86,reset
DA:3,2
DA:4,2
DA:5,2
DA:9,2
DA:37,86
DA:38,86
DA:39,79
DA:40,79
DA:46,86
DA:61,86
DA:62,91
DA:63,86
DA:65,81
DA:66,81
DA:67,81
DA:69,86
DA:83,85
DA:84,85
DA:85,85
DA:115,9
DA:116,9
DA:117,9
DA:132,22
DA:133,22
DA:134,25
DA:135,15
DA:138,22
DA:150,21
DA:153,21
DA:154,21
DA:157,21
DA:158,21
DA:159,9
DA:160,9
DA:164,21
DA:165,21
DA:168,6
DA:169,7
DA:170,3
DA:172,7
DA:173,6
DA:175,1
DA:192,22
DA:193,0
DA:197,22
DA:198,22
DA:201,15
DA:202,11
DA:203,19
DA:204,15
DA:206,13
DA:224,15
DA:225,15
DA:227,15
DA:228,11
DA:230,4
DA:231,4
DA:232,3
DA:234,14
DA:245,18
DA:246,18
DA:259,3
DA:260,3
DA:272,4
DA:273,4
DA:283,0
DA:284,0
DA:295,1
DA:296,1
DA:303,86
DA:304,86
DA:305,86
DA:306,86
DA:309,2
DA:323,2
DA:324,14
DA:325,3
DA:326,2
DA:327,3
DA:328,2
LF:80
LH:77
BRDA:38,0,0,79
BRDA:38,0,1,7
BRDA:42,1,0,79
BRDA:42,1,1,79
BRDA:43,2,0,79
BRDA:43,2,1,79
BRDA:63,3,0,81
BRDA:63,3,1,5
BRDA:63,4,0,86
BRDA:63,4,1,86
BRDA:65,5,0,81
BRDA:65,5,1,0
BRDA:82,6,0,55
BRDA:83,7,0,0
BRDA:83,7,1,85
BRDA:115,8,0,0
BRDA:115,8,1,9
BRDA:116,9,0,9
BRDA:116,9,1,0
BRDA:135,10,0,15
BRDA:135,10,1,0
BRDA:150,11,0,0
BRDA:150,11,1,21
BRDA:154,12,0,3
BRDA:154,12,1,18
BRDA:158,13,0,9
BRDA:158,13,1,12
BRDA:165,14,0,15
BRDA:165,14,1,6
BRDA:169,15,0,3
BRDA:169,15,1,4
BRDA:172,16,0,6
BRDA:172,16,1,1
BRDA:172,17,0,7
BRDA:172,17,1,3
BRDA:192,18,0,0
BRDA:192,18,1,22
BRDA:198,19,0,11
BRDA:198,19,1,11
BRDA:204,20,0,15
BRDA:204,20,1,0
BRDA:231,21,0,1
BRDA:231,21,1,3
BRF:43
BRH:35
end_of_record
TN:
SF:/Volumes/x/code/nubot-playbook/lib/modules/outline.js
FN:37,(anonymous_0)
FN:50,(anonymous_1)
FN:65,(anonymous_2)
FN:91,(anonymous_3)
FN:96,(anonymous_4)
FN:119,(anonymous_5)
FN:140,(anonymous_6)
FN:159,(anonymous_7)
FN:160,(anonymous_8)
FNF:9
FNH:9
FNDA:21,(anonymous_0)
FNDA:14,(anonymous_1)
FNDA:20,(anonymous_2)
FNDA:8,(anonymous_3)
FNDA:2,(anonymous_4)
FNDA:11,(anonymous_5)
FNDA:10,(anonymous_6)
FNDA:7,(anonymous_7)
FNDA:12,(anonymous_8)
DA:3,2
DA:4,2
DA:5,2
DA:38,21
DA:39,21
DA:40,21
DA:41,20
DA:42,20
DA:51,14
DA:52,14
DA:53,13
DA:66,20
DA:67,4
DA:68,4
DA:69,4
DA:71,0
DA:92,8
DA:93,8
DA:94,8
DA:96,7
DA:103,7
DA:120,11
DA:121,11
DA:122,11
DA:141,10
DA:142,10
DA:143,10
DA:144,10
DA:145,5
DA:160,7
DA:161,12
DA:162,12
DA:163,12
DA:164,12
DA:166,7
DA:167,1
DA:168,1
DA:170,7
DA:174,2
LF:39
LH:38
BRDA:40,0,0,1
BRDA:40,0,1,20
BRDA:42,1,0,6
BRDA:42,1,1,14
BRDA:42,2,0,20
BRDA:42,2,1,15
BRDA:52,3,0,1
BRDA:52,3,1,13
BRDA:66,4,0,16
BRDA:66,4,1,4
BRDA:67,5,0,4
BRDA:67,5,1,0
BRDA:69,6,0,4
BRDA:69,6,1,0
BRDA:93,7,0,0
BRDA:93,7,1,8
BRDA:94,8,0,1
BRDA:94,8,1,7
BRDA:99,9,0,2
BRDA:99,9,1,1
BRDA:121,10,0,11
BRDA:121,10,1,10
BRDA:142,11,0,1
BRDA:142,11,1,9
BRDA:144,12,0,5
BRDA:144,12,1,5
BRDA:166,13,0,1
BRDA:166,13,1,6
BRDA:167,14,0,1
BRDA:167,14,1,0
BRF:30
BRH:26
end_of_record
TN:
SF:/Volumes/x/code/nubot-playbook/lib/modules/path.js
FN:41,(anonymous_0)
FN:70,(anonymous_1)
FN:98,(anonymous_2)
FN:99,(anonymous_3)
FN:107,(anonymous_4)
FN:120,(anonymous_5)
FN:145,(anonymous_6)
FN:148,(anonymous_7)
FNF:8
FNH:8
FNDA:92,(anonymous_0)
FNDA:131,(anonymous_1)
FNDA:139,(anonymous_2)
FNDA:34,(anonymous_3)
FNDA:34,(anonymous_4)
FNDA:38,(anonymous_5)
FNDA:38,(anonymous_6)
FNDA:59,(anonymous_7)
DA:3,2
DA:4,2
DA:5,2
DA:42,92
DA:43,92
DA:45,92
DA:46,92
DA:47,92
DA:48,34
DA:49,34
DA:50,79
DA:72,131
DA:73,131
DA:74,131
DA:75,131
DA:76,131
DA:77,129
DA:81,129
DA:99,139
DA:101,34
DA:102,19
DA:103,19
DA:104,13
DA:106,34
DA:107,34
DA:108,34
DA:121,38
DA:122,7
DA:123,31
DA:147,38
DA:148,38
DA:149,59
DA:150,59
DA:152,38
DA:153,38
DA:154,23
DA:155,23
DA:156,23
DA:157,15
DA:158,7
DA:159,7
DA:161,8
DA:163,38
DA:167,2
LF:44
LH:44
BRDA:42,0,0,34
BRDA:42,0,1,58
BRDA:47,1,0,34
BRDA:47,1,1,58
BRDA:48,2,0,0
BRDA:48,2,1,34
BRDA:49,3,0,2
BRDA:49,3,1,32
BRDA:72,4,0,2
BRDA:72,4,1,129
BRDA:72,5,0,131
BRDA:72,5,1,2
BRDA:73,6,0,0
BRDA:73,6,1,131
BRDA:74,7,0,101
BRDA:74,7,1,30
BRDA:74,8,0,131
BRDA:74,8,1,31
BRDA:75,9,0,66
BRDA:75,9,1,65
BRDA:76,10,0,2
BRDA:76,10,1,129
BRDA:76,11,0,131
BRDA:76,11,1,30
BRDA:101,12,0,19
BRDA:101,12,1,15
BRDA:103,13,0,6
BRDA:103,13,1,13
BRDA:106,14,0,24
BRDA:106,14,1,10
BRDA:121,15,0,7
BRDA:121,15,1,31
BRDA:121,16,0,38
BRDA:121,16,1,32
BRDA:152,17,0,23
BRDA:152,17,1,15
BRDA:153,18,0,23
BRDA:153,18,1,15
BRDA:157,19,0,7
BRDA:157,19,1,8
BRF:40
BRH:38
end_of_record
TN:
SF:/Volumes/x/code/nubot-playbook/lib/modules/playbook.js
FN:23,(anonymous_0)
FN:48,(anonymous_1)
FN:65,(anonymous_2)
FN:77,(anonymous_3)
FN:91,(anonymous_4)
FN:107,(anonymous_5)
FN:119,(anonymous_6)
FN:128,(anonymous_7)
FN:138,(anonymous_8)
FN:150,(anonymous_9)
FN:163,(anonymous_10)
FN:179,(anonymous_11)
FN:188,(anonymous_12)
FN:199,(anonymous_13)
FN:214,(anonymous_14)
FNF:15
FNH:14
FNDA:59,(anonymous_0)
FNDA:55,(anonymous_1)
FNDA:3,(anonymous_2)
FNDA:13,(anonymous_3)
FNDA:5,(anonymous_4)
FNDA:10,(anonymous_5)
FNDA:1,(anonymous_6)
FNDA:1,(anonymous_7)
FNDA:2,(anonymous_8)
FNDA:2,(anonymous_9)
FNDA:0,(anonymous_10)
FNDA:55,(anonymous_11)
FNDA:59,(anonymous_12)
FNDA:57,(anonymous_13)
FNDA:1,(anonymous_14)
DA:3,2
DA:4,2
DA:5,2
DA:6,2
DA:7,2
DA:8,2
DA:9,2
DA:24,59
DA:25,59
DA:26,59
DA:27,59
DA:28,59
DA:29,59
DA:30,59
DA:31,59
DA:32,59
DA:33,59
DA:34,59
DA:35,59
DA:36,59
DA:38,59
DA:49,55
DA:50,55
DA:51,55
DA:52,55
DA:53,55
DA:54,55
DA:55,55
DA:66,3
DA:67,3
DA:68,3
DA:78,13
DA:79,13
DA:80,13
DA:92,5
DA:93,5
DA:94,5
DA:95,5
DA:108,10
DA:109,10
DA:110,10
DA:111,10
DA:120,1
DA:129,1
DA:139,2
DA:140,2
DA:141,2
DA:151,2
DA:152,2
DA:153,2
DA:164,0
DA:165,0
DA:166,0
DA:167,0
DA:168,0
DA:180,55
DA:181,55
DA:182,55
DA:189,59
DA:190,59
DA:191,59
DA:200,57
DA:201,57
DA:202,57
DA:203,57
DA:205,57
DA:215,1
DA:216,1
DA:217,1
DA:221,2
LF:70
LH:65
BRDA:24,0,0,59
BRDA:24,0,1,0
BRDA:48,1,0,53
BRDA:50,2,0,0
BRDA:50,2,1,55
BRDA:54,3,0,53
BRDA:54,3,1,2
BRDA:165,4,0,0
BRDA:165,4,1,0
BRDA:166,5,0,0
BRDA:166,5,1,0
BRDA:167,6,0,0
BRDA:167,6,1,0
BRDA:189,7,0,54
BRDA:189,7,1,5
BRDA:200,8,0,57
BRDA:200,8,1,0
BRF:17
BRH:8
end_of_record
TN:
SF:/Volumes/x/code/nubot-playbook/lib/modules/scene.js
FN:31,(anonymous_0)
FN:45,(anonymous_1)
FN:55,(anonymous_2)
FN:93,(anonymous_3)
FN:99,(anonymous_4)
FN:100,(anonymous_5)
FN:101,(anonymous_6)
FN:108,(anonymous_7)
FN:115,(anonymous_8)
FN:125,(anonymous_9)
FN:143,(anonymous_10)
FN:167,(anonymous_11)
FN:174,(anonymous_12)
FN:180,(anonymous_13)
FN:183,(anonymous_14)
FN:183,(anonymous_15)
FN:217,(anonymous_16)
FN:222,(anonymous_17)
FN:225,(anonymous_18)
FN:243,(anonymous_19)
FN:259,(anonymous_20)
FN:271,(anonymous_21)
FN:281,(anonymous_22)
FNF:23
FNH:23
FNDA:96,(anonymous_0)
FNDA:21,(anonymous_1)
FNDA:21,(anonymous_2)
FNDA:24,(anonymous_3)
FNDA:8,(anonymous_4)
FNDA:7,(anonymous_5)
FNDA:1,(anonymous_6)
FNDA:3,(anonymous_7)
FNDA:1,(anonymous_8)
FNDA:150,(anonymous_9)
FNDA:19,(anonymous_10)
FNDA:66,(anonymous_11)
FNDA:46,(anonymous_12)
FNDA:64,(anonymous_13)
FNDA:57,(anonymous_14)
FNDA:57,(anonymous_15)
FNDA:57,(anonymous_16)
FNDA:5,(anonymous_17)
FNDA:7,(anonymous_18)
FNDA:60,(anonymous_19)
FNDA:22,(anonymous_20)
FNDA:2,(anonymous_21)
FNDA:74,(anonymous_22)
DA:3,2
DA:4,2
DA:5,2
DA:6,2
DA:7,2
DA:32,96
DA:33,96
DA:36,96
DA:39,96
DA:41,96
DA:42,96
DA:44,95
DA:45,95
DA:56,21
DA:57,21
DA:60,21
DA:61,7
DA:62,7
DA:63,7
DA:64,7
DA:66,14
DA:67,14
DA:94,24
DA:95,23
DA:96,23
DA:97,23
DA:99,22
DA:100,8
DA:101,1
DA:109,3
DA:116,1
DA:126,150
DA:127,11
DA:128,130
DA:129,9
DA:144,19
DA:168,66
DA:169,66
DA:172,64
DA:174,46
DA:175,64
DA:176,64
DA:179,64
DA:180,64
DA:181,64
DA:182,57
DA:183,57
DA:184,57
DA:185,41
DA:192,64
DA:218,57
DA:219,57
DA:220,57
DA:221,57
DA:222,57
DA:223,5
DA:225,57
DA:226,7
DA:227,7
DA:229,57
DA:230,57
DA:231,57
DA:232,57
DA:233,57
DA:244,60
DA:245,60
DA:246,51
DA:247,51
DA:248,51
DA:249,51
DA:250,51
DA:252,9
DA:253,9
DA:260,22
DA:261,22
DA:262,22
DA:272,2
DA:282,74
DA:286,2
LF:79
LH:79
BRDA:39,0,0,13
BRDA:39,0,1,83
BRDA:42,1,0,1
BRDA:42,1,1,95
BRDA:60,2,0,7
BRDA:60,2,1,14
BRDA:94,3,0,1
BRDA:94,3,1,23
BRDA:95,4,0,2
BRDA:95,4,1,21
BRDA:95,5,0,23
BRDA:95,5,1,2
BRDA:96,6,0,0
BRDA:96,6,1,23
BRDA:97,7,0,1
BRDA:97,7,1,22
BRDA:126,8,0,11
BRDA:126,8,1,130
BRDA:126,8,2,9
BRDA:169,9,0,2
BRDA:169,9,1,64
BRDA:172,10,0,12
BRDA:172,10,1,52
BRDA:175,11,0,12
BRDA:175,11,1,52
BRDA:181,12,0,57
BRDA:181,12,1,7
BRDA:184,13,0,16
BRDA:184,13,1,41
BRDA:221,14,0,1
BRDA:221,14,1,56
BRDA:221,15,0,57
BRDA:221,15,1,57
BRDA:226,16,0,7
BRDA:226,16,1,0
BRDA:227,17,0,2
BRDA:227,17,1,5
BRDA:243,18,0,1
BRDA:245,19,0,51
BRDA:245,19,1,9
BRF:40
BRH:38
end_of_record
TN:
SF:/Volumes/x/code/nubot-playbook/lib/modules/transcript.js
FN:7,(anonymous_0)
FN:10,(anonymous_1)
FN:42,(anonymous_2)
FN:70,(anonymous_3)
FN:99,(anonymous_4)
FN:100,(anonymous_5)
FN:101,(anonymous_6)
FN:106,(anonymous_7)
FN:116,(anonymous_8)
FN:119,(anonymous_9)
FN:120,(anonymous_10)
FN:122,(anonymous_11)
FN:123,(anonymous_12)
FN:124,(anonymous_13)
FN:135,(anonymous_14)
FN:136,(anonymous_15)
FN:140,(anonymous_16)
FN:151,(anonymous_17)
FN:152,(anonymous_18)
FN:153,(anonymous_19)
FN:176,(anonymous_20)
FN:179,(anonymous_21)
FN:215,(anonymous_22)
FNF:23
FNH:1
FNDA:0,(anonymous_0)
FNDA:0,(anonymous_1)
FNDA:2,(anonymous_2)
FNDA:0,(anonymous_3)
FNDA:0,(anonymous_4)
FNDA:0,(anonymous_5)
FNDA:0,(anonymous_6)
FNDA:0,(anonymous_7)
FNDA:0,(anonymous_8)
FNDA:0,(anonymous_9)
FNDA:0,(anonymous_10)
FNDA:0,(anonymous_11)
FNDA:0,(anonymous_12)
FNDA:0,(anonymous_13)
FNDA:0,(anonymous_14)
FNDA:0,(anonymous_15)
FNDA:0,(anonymous_16)
FNDA:0,(anonymous_17)
FNDA:0,(anonymous_18)
FNDA:0,(anonymous_19)
FNDA:0,(anonymous_20)
FNDA:0,(anonymous_21)
FNDA:0,(anonymous_22)
DA:3,2
DA:4,2
DA:6,2
DA:7,0
DA:9,2
DA:10,0
DA:43,2
DA:44,2
DA:51,2
DA:52,2
DA:53,2
DA:72,0
DA:73,0
DA:74,0
DA:75,0
DA:76,0
DA:77,0
DA:79,0
DA:80,0
DA:82,0
DA:83,0
DA:86,0
DA:87,0
DA:88,0
DA:91,0
DA:92,0
DA:100,0
DA:101,0
DA:102,0
DA:117,0
DA:118,0
DA:119,0
DA:120,0
DA:122,0
DA:123,0
DA:124,0
DA:136,0
DA:137,0
DA:138,0
DA:140,0
DA:141,0
DA:152,0
DA:153,0
DA:177,0
DA:178,0
DA:179,0
DA:180,0
DA:181,0
DA:216,0
DA:217,0
DA:218,0
DA:219,0
DA:220,0
DA:221,0
DA:222,0
DA:247,2
LF:56
LH:10
BRDA:51,0,0,2
BRDA:51,0,1,0
BRDA:52,1,0,2
BRDA:52,1,1,0
BRDA:53,2,0,2
BRDA:53,2,1,0
BRDA:72,3,0,0
BRDA:72,3,1,0
BRDA:73,4,0,0
BRDA:73,4,1,0
BRDA:75,5,0,0
BRDA:75,5,1,0
BRDA:76,6,0,0
BRDA:76,6,1,0
BRDA:76,7,0,0
BRDA:76,7,1,0
BRDA:79,8,0,0
BRDA:79,8,1,0
BRDA:79,9,0,0
BRDA:79,9,1,0
BRDA:82,10,0,0
BRDA:82,10,1,0
BRDA:82,11,0,0
BRDA:82,11,1,0
BRDA:86,12,0,0
BRDA:86,12,1,0
BRDA:87,13,0,0
BRDA:87,13,1,0
BRDA:87,14,0,0
BRDA:87,14,1,0
BRDA:137,15,0,0
BRDA:137,15,1,0
BRDA:141,16,0,0
BRDA:141,16,1,0
BRDA:178,17,0,0
BRDA:178,17,1,0
BRDA:216,18,0,0
BRDA:216,18,1,0
BRDA:217,19,0,0
BRDA:217,19,1,0
BRDA:220,20,0,0
BRDA:220,20,1,0
BRDA:221,21,0,0
BRDA:221,21,1,0
BRF:44
BRH:3
end_of_record
TN:
SF:/Volumes/x/code/nubot-playbook/test/unit/07-outline_test.js
FN:13,(anonymous_0)
FN:14,(anonymous_1)
FN:17,(anonymous_2)
FN:20,(anonymous_3)
FN:22,(anonymous_4)
FN:26,(anonymous_5)
FN:27,(anonymous_6)
FN:28,(anonymous_7)
FN:32,(anonymous_8)
FN:40,(anonymous_9)
FN:41,(anonymous_10)
FN:49,(anonymous_11)
FN:50,(anonymous_12)
FN:65,(anonymous_13)
FN:66,(anonymous_14)
FN:74,(anonymous_15)
FN:91,(anonymous_16)
FN:92,(anonymous_17)
FN:93,(anonymous_18)
FN:103,(anonymous_19)
FN:104,(anonymous_20)
FN:114,(anonymous_21)
FN:115,(anonymous_22)
FN:127,(anonymous_23)
FN:128,(anonymous_24)
FN:129,(anonymous_25)
FN:139,(anonymous_26)
FN:140,(anonymous_27)
FN:159,(anonymous_28)
FN:170,(anonymous_29)
FN:171,(anonymous_30)
FN:190,(anonymous_31)
FN:191,(anonymous_32)
FN:199,(anonymous_33)
FN:207,(anonymous_34)
FN:215,(anonymous_35)
FN:226,(anonymous_36)
FN:227,(anonymous_37)
FN:239,(anonymous_38)
FN:240,(anonymous_39)
FN:251,(anonymous_40)
FN:252,(anonymous_41)
FN:269,(anonymous_42)
FN:282,(anonymous_43)
FNF:44
FNH:44
FNDA:1,(anonymous_0)
FNDA:21,(anonymous_1)
FNDA:147,(anonymous_2)
FNDA:21,(anonymous_3)
FNDA:147,(anonymous_4)
FNDA:1,(anonymous_5)
FNDA:1,(anonymous_6)
FNDA:1,(anonymous_7)
FNDA:1,(anonymous_8)
FNDA:1,(anonymous_9)
FNDA:1,(anonymous_10)
FNDA:1,(anonymous_11)
FNDA:1,(anonymous_12)
FNDA:1,(anonymous_13)
FNDA:1,(anonymous_14)
FNDA:1,(anonymous_15)
FNDA:1,(anonymous_16)
FNDA:1,(anonymous_17)
FNDA:1,(anonymous_18)
FNDA:1,(anonymous_19)
FNDA:1,(anonymous_20)
FNDA:1,(anonymous_21)
FNDA:1,(anonymous_22)
FNDA:1,(anonymous_23)
FNDA:1,(anonymous_24)
FNDA:1,(anonymous_25)
FNDA:1,(anonymous_26)
FNDA:1,(anonymous_27)
FNDA:1,(anonymous_28)
FNDA:1,(anonymous_29)
FNDA:1,(anonymous_30)
FNDA:1,(anonymous_31)
FNDA:1,(anonymous_32)
FNDA:1,(anonymous_33)
FNDA:1,(anonymous_34)
FNDA:1,(anonymous_35)
FNDA:1,(anonymous_36)
FNDA:1,(anonymous_37)
FNDA:1,(anonymous_38)
FNDA:1,(anonymous_39)
FNDA:1,(anonymous_40)
FNDA:1,(anonymous_41)
FNDA:1,(anonymous_42)
FNDA:1,(anonymous_43)
DA:1,1
DA:2,1
DA:3,1
DA:4,1
DA:5,1
DA:6,1
DA:7,1
DA:9,1
DA:10,1
DA:11,1
DA:13,1
DA:14,1
DA:15,21
DA:16,21
DA:17,147
DA:18,21
DA:20,1
DA:21,21
DA:22,147
DA:23,21
DA:26,1
DA:27,1
DA:28,1
DA:29,1
DA:30,1
DA:32,1
DA:33,1
DA:37,1
DA:40,1
DA:41,1
DA:42,1
DA:46,1
DA:49,1
DA:50,1
DA:51,1
DA:53,1
DA:54,1
DA:56,1
DA:58,1
DA:59,1
DA:60,1
DA:65,1
DA:66,1
DA:67,1
DA:71,1
DA:74,1
DA:75,1
DA:80,1
DA:81,1
DA:83,1
DA:85,1
DA:86,1
DA:87,1
DA:91,1
DA:92,1
DA:93,1
DA:94,1
DA:95,1
DA:96,1
DA:97,1
DA:98,1
DA:99,1
DA:103,1
DA:104,1
DA:105,1
DA:106,1
DA:107,1
DA:108,1
DA:109,1
DA:110,1
DA:114,1
DA:115,1
DA:116,1
DA:117,1
DA:118,1
DA:119,1
DA:120,1
DA:121,1
DA:127,1
DA:128,1
DA:129,1
DA:130,1
DA:131,1
DA:135,1
DA:136,1
DA:139,1
DA:140,1
DA:141,1
DA:142,1
DA:153,1
DA:154,1
DA:155,1
DA:159,1
DA:160,1
DA:164,1
DA:170,1
DA:171,1
DA:172,1
DA:173,1
DA:174,1
DA:175,1
DA:176,1
DA:183,1
DA:184,1
DA:190,1
DA:191,1
DA:192,1
DA:193,1
DA:194,1
DA:195,1
DA:196,1
DA:199,1
DA:200,1
DA:201,1
DA:202,1
DA:203,1
DA:204,1
DA:205,1
DA:207,1
DA:208,1
DA:209,1
DA:210,1
DA:211,1
DA:212,1
DA:213,1
DA:215,1
DA:216,1
DA:217,1
DA:218,1
DA:219,1
DA:220,1
DA:221,1
DA:226,1
DA:227,1
DA:228,1
DA:229,1
DA:233,1
DA:234,1
DA:235,1
DA:236,1
DA:239,1
DA:240,1
DA:241,1
DA:242,1
DA:243,1
DA:244,1
DA:245,1
DA:246,1
DA:251,1
DA:252,1
DA:253,1
DA:254,1
DA:259,1
DA:260,1
DA:261,1
DA:262,1
DA:263,1
DA:264,1
DA:269,1
DA:270,1
DA:271,1
DA:275,1
DA:276,1
DA:277,1
DA:278,1
DA:279,1
DA:282,1
DA:283,1
DA:288,1
DA:289,1
DA:290,1
DA:291,1
DA:292,1
DA:293,1
DA:294,1
LF:175
LH:175
BRF:0
BRH:0
end_of_record
TN:
SF:/Volumes/x/code/nubot-playbook/test/unit/08-improv_test.js
FN:14,(anonymous_0)
FN:15,(anonymous_1)
FN:16,(anonymous_2)
FN:17,(anonymous_3)
FN:19,(anonymous_4)
FN:25,(anonymous_5)
FN:29,(anonymous_6)
FN:36,(anonymous_7)
FN:40,(anonymous_8)
FN:47,(anonymous_9)
FN:48,(anonymous_10)
FN:54,(anonymous_11)
FN:58,(anonymous_12)
FN:63,(anonymous_13)
FN:64,(anonymous_14)
FN:69,(anonymous_15)
FN:70,(anonymous_16)
FN:71,(anonymous_17)
FN:77,(anonymous_18)
FN:78,(anonymous_19)
FN:86,(anonymous_20)
FN:87,(anonymous_21)
FN:92,(anonymous_22)
FN:99,(anonymous_23)
FN:100,(anonymous_24)
FN:108,(anonymous_25)
FN:109,(anonymous_26)
FN:116,(anonymous_27)
FN:117,(anonymous_28)
FN:125,(anonymous_29)
FN:126,(anonymous_30)
FN:127,(anonymous_31)
FN:135,(anonymous_32)
FN:144,(anonymous_33)
FN:155,(anonymous_34)
FN:163,(anonymous_35)
FN:164,(anonymous_36)
FN:176,(anonymous_37)
FN:177,(anonymous_38)
FN:179,(anonymous_39)
FN:180,(anonymous_40)
FN:188,(anonymous_41)
FN:190,(anonymous_42)
FN:195,(anonymous_43)
FN:196,(anonymous_44)
FN:197,(anonymous_45)
FN:204,(anonymous_46)
FN:205,(anonymous_47)
FN:206,(anonymous_48)
FN:213,(anonymous_49)
FN:214,(anonymous_50)
FN:215,(anonymous_51)
FN:224,(anonymous_52)
FN:225,(anonymous_53)
FN:226,(anonymous_54)
FN:233,(anonymous_55)
FN:234,(anonymous_56)
FN:241,(anonymous_57)
FN:242,(anonymous_58)
FN:249,(anonymous_59)
FN:260,(anonymous_60)
FN:261,(anonymous_61)
FN:262,(anonymous_62)
FN:273,(anonymous_63)
FN:274,(anonymous_64)
FN:289,(anonymous_65)
FN:290,(anonymous_66)
FN:302,(anonymous_67)
FN:303,(anonymous_68)
FNF:69
FNH:68
FNDA:1,(anonymous_0)
FNDA:1,(anonymous_1)
FNDA:1,(anonymous_2)
FNDA:1,(anonymous_3)
FNDA:1,(anonymous_4)
FNDA:1,(anonymous_5)
FNDA:1,(anonymous_6)
FNDA:1,(anonymous_7)
FNDA:1,(anonymous_8)
FNDA:1,(anonymous_9)
FNDA:26,(anonymous_10)
FNDA:26,(anonymous_11)
FNDA:26,(anonymous_12)
FNDA:1,(anonymous_13)
FNDA:1,(anonymous_14)
FNDA:1,(anonymous_15)
FNDA:1,(anonymous_16)
FNDA:1,(anonymous_17)
FNDA:1,(anonymous_18)
FNDA:1,(anonymous_19)
FNDA:1,(anonymous_20)
FNDA:1,(anonymous_21)
FNDA:1,(anonymous_22)
FNDA:1,(anonymous_23)
FNDA:1,(anonymous_24)
FNDA:1,(anonymous_25)
FNDA:1,(anonymous_26)
FNDA:1,(anonymous_27)
FNDA:1,(anonymous_28)
FNDA:1,(anonymous_29)
FNDA:1,(anonymous_30)
FNDA:1,(anonymous_31)
FNDA:1,(anonymous_32)
FNDA:1,(anonymous_33)
FNDA:1,(anonymous_34)
FNDA:1,(anonymous_35)
FNDA:1,(anonymous_36)
FNDA:1,(anonymous_37)
FNDA:1,(anonymous_38)
FNDA:1,(anonymous_39)
FNDA:1,(anonymous_40)
FNDA:1,(anonymous_41)
FNDA:1,(anonymous_42)
FNDA:1,(anonymous_43)
FNDA:1,(anonymous_44)
FNDA:1,(anonymous_45)
FNDA:1,(anonymous_46)
FNDA:1,(anonymous_47)
FNDA:1,(anonymous_48)
FNDA:1,(anonymous_49)
FNDA:1,(anonymous_50)
FNDA:0,(anonymous_51)
FNDA:1,(anonymous_52)
FNDA:1,(anonymous_53)
FNDA:1,(anonymous_54)
FNDA:1,(anonymous_55)
FNDA:1,(anonymous_56)
FNDA:1,(anonymous_57)
FNDA:1,(anonymous_58)
FNDA:1,(anonymous_59)
FNDA:1,(anonymous_60)
FNDA:1,(anonymous_61)
FNDA:1,(anonymous_62)
FNDA:1,(anonymous_63)
FNDA:1,(anonymous_64)
FNDA:1,(anonymous_65)
FNDA:1,(anonymous_66)
FNDA:1,(anonymous_67)
FNDA:2,(anonymous_68)
DA:5,1
DA:6,1
DA:7,1
DA:8,1
DA:9,1
DA:11,1
DA:12,1
DA:14,1
DA:15,1
DA:16,1
DA:17,1
DA:19,1
DA:20,1
DA:21,1
DA:22,1
DA:25,1
DA:26,1
DA:29,1
DA:30,1
DA:31,1
DA:32,1
DA:33,1
DA:36,1
DA:37,1
DA:40,1
DA:41,1
DA:42,1
DA:43,1
DA:47,1
DA:48,1
DA:49,26
DA:50,26
DA:51,26
DA:54,26
DA:55,26
DA:58,1
DA:59,26
DA:60,26
DA:63,1
DA:64,1
DA:65,1
DA:69,1
DA:70,1
DA:71,1
DA:72,1
DA:73,1
DA:74,1
DA:77,1
DA:78,1
DA:79,1
DA:80,1
DA:81,1
DA:86,1
DA:87,1
DA:88,1
DA:89,1
DA:90,1
DA:92,1
DA:93,1
DA:94,1
DA:95,1
DA:99,1
DA:100,1
DA:101,1
DA:102,1
DA:103,1
DA:104,1
DA:108,1
DA:109,1
DA:110,1
DA:111,1
DA:112,1
DA:116,1
DA:117,1
DA:118,1
DA:119,1
DA:120,1
DA:121,1
DA:125,1
DA:126,1
DA:127,1
DA:128,1
DA:129,1
DA:135,1
DA:136,1
DA:137,1
DA:144,1
DA:145,1
DA:146,1
DA:147,1
DA:148,1
DA:155,1
DA:156,1
DA:157,1
DA:158,1
DA:159,1
DA:163,1
DA:164,1
DA:165,1
DA:166,1
DA:167,1
DA:168,1
DA:176,1
DA:177,1
DA:178,1
DA:179,1
DA:180,1
DA:188,1
DA:189,1
DA:190,1
DA:195,1
DA:196,1
DA:197,1
DA:198,1
DA:204,1
DA:205,1
DA:206,1
DA:207,1
DA:213,1
DA:214,1
DA:215,1
DA:216,1
DA:224,1
DA:225,1
DA:226,1
DA:227,1
DA:228,1
DA:233,1
DA:234,1
DA:235,1
DA:236,1
DA:241,1
DA:242,1
DA:243,1
DA:244,1
DA:245,1
DA:249,1
DA:250,1
DA:251,1
DA:252,1
DA:253,1
DA:260,1
DA:261,1
DA:262,1
DA:263,1
DA:264,1
DA:265,1
DA:266,1
DA:273,1
DA:274,1
DA:275,1
DA:276,1
DA:281,1
DA:289,1
DA:290,1
DA:291,1
DA:293,1
DA:294,1
DA:295,1
DA:302,1
DA:303,1
DA:304,2
DA:306,1
DA:307,1
DA:308,1
DA:309,1
DA:310,1
DA:311,1
DA:312,1
LF:169
LH:169
BRF:0
BRH:0
end_of_record
